==> WARNING: Bootstrap mode enabled! Do not enable unless necessary
==> Starting Consul agent...
==> Consul agent running!
           Version: 'v0.9.2'
           Node ID: 'e5c764c8-af79-ba2a-2aca-721adad399f9'
         Node name: 'Rodrigos-MacBook-Pro.local'
        Datacenter: 'dc1'
            Server: true (bootstrap: true)
       Client Addr: 0.0.0.0 (HTTP: 8500, HTTPS: -1, DNS: 8600)
      Cluster Addr: 10.100.8.103 (LAN: 8301, WAN: 8302)
    Gossip encrypt: false, RPC-TLS: false, TLS-Incoming: false

==> Log data will now stream in as it occurs:

    2017/08/29 13:16:31 [INFO] raft: Initial configuration (index=1): [{Suffrage:Voter ID:10.100.8.103:8300 Address:10.100.8.103:8300}]
    2017/08/29 13:16:31 [INFO] raft: Node at 10.100.8.103:8300 [Follower] entering Follower state (Leader: "")
    2017/08/29 13:16:31 [INFO] serf: EventMemberJoin: Rodrigos-MacBook-Pro.local.dc1 10.100.8.103
    2017/08/29 13:16:31 [INFO] serf: EventMemberJoin: Rodrigos-MacBook-Pro.local 10.100.8.103
    2017/08/29 13:16:31 [INFO] consul: Adding LAN server Rodrigos-MacBook-Pro.local (Addr: tcp/10.100.8.103:8300) (DC: dc1)
    2017/08/29 13:16:31 [INFO] consul: Handled member-join event for server "Rodrigos-MacBook-Pro.local.dc1" in area "wan"
    2017/08/29 13:16:31 [INFO] agent: Started DNS server 0.0.0.0:8600 (tcp)
    2017/08/29 13:16:31 [INFO] agent: Started DNS server 0.0.0.0:8600 (udp)
    2017/08/29 13:16:31 [INFO] agent: Started HTTP server on [::]:8500
    2017/08/29 13:16:38 [ERR] agent: failed to sync remote state: No cluster leader
    2017/08/29 13:16:40 [WARN] raft: Heartbeat timeout from "" reached, starting election
    2017/08/29 13:16:40 [INFO] raft: Node at 10.100.8.103:8300 [Candidate] entering Candidate state in term 2
    2017/08/29 13:16:40 [INFO] raft: Election won. Tally: 1
    2017/08/29 13:16:40 [INFO] raft: Node at 10.100.8.103:8300 [Leader] entering Leader state
    2017/08/29 13:16:40 [INFO] consul: cluster leadership acquired
    2017/08/29 13:16:40 [INFO] consul: New leader elected: Rodrigos-MacBook-Pro.local
    2017/08/29 13:16:40 [INFO] consul: member 'Rodrigos-MacBook-Pro.local' joined, marking health alive
    2017/08/29 13:16:40 [INFO] agent: Synced service '_nomad-server-nomad-rpc'
    2017/08/29 13:16:40 [INFO] agent: Synced service '_nomad-server-nomad-serf'
    2017/08/29 13:16:40 [INFO] agent: Synced service '_nomad-server-nomad-http'
    2017/08/29 13:16:40 [INFO] agent: Synced check '2ec4946c94a5127113067f4cde72dab778ef383a'
    2017/08/29 13:16:40 [INFO] agent: Synced check '1cd33e4eeebcb8286d83a93fdc2d4b071a572183'
    2017/08/29 13:16:40 [INFO] agent: Synced check '7deb911342190a84af99c63552bdfb202fe6fadb'
    2017/08/29 13:16:40 [INFO] agent: Synced check '2ec4946c94a5127113067f4cde72dab778ef383a'
    2017/08/29 13:16:40 [INFO] agent: Synced check '1cd33e4eeebcb8286d83a93fdc2d4b071a572183'
    2017/08/29 13:16:40 [INFO] agent: Synced check '7deb911342190a84af99c63552bdfb202fe6fadb'
    2017/08/29 13:16:40 [INFO] agent: Synced check '2ec4946c94a5127113067f4cde72dab778ef383a'
    2017/08/29 13:16:44 [INFO] agent: Synced service '_nomad-client-nomad-client-http'
    2017/08/29 13:16:44 [INFO] agent: Synced check '289cc7e1737904489a71a4705d50e2dea3a55881'
    2017/08/29 13:16:47 [INFO] agent: Synced check '1cd33e4eeebcb8286d83a93fdc2d4b071a572183'
    2017/08/29 13:16:47 [INFO] agent: Synced check '7deb911342190a84af99c63552bdfb202fe6fadb'
    2017/08/29 13:16:47 [INFO] agent: Synced check '289cc7e1737904489a71a4705d50e2dea3a55881'
    2017/08/29 13:17:31 [INFO] agent: Synced service '_nomad-executor-2c3c3d84-fd0f-4d7f-1577-8cf251b2eb9f-jdk8-application-john-jdk8-application-john-sample-jdk8-application-john'
    2017/08/29 13:17:31 [INFO] agent: Synced check '37e957e592995776a19c9a4ff6a293af3f92d07c'
    2017/08/29 13:17:31 [INFO] agent: Synced service '_nomad-executor-8a1e547a-00a1-d3c3-7292-427b96069cf1-jdk8-application-due-jdk8-application-due-sample-jdk8-application-due'
    2017/08/29 13:17:31 [INFO] agent: Synced check 'd31175dc8435d046dbe16dfafb117914a9ab0a42'
    2017/08/29 13:17:33 [WARN] agent: http request failed 'http://10.100.8.103:23480/info': Get http://10.100.8.103:23480/info: EOF
    2017/08/29 13:17:35 [WARN] agent: http request failed 'http://10.100.8.103:29550/info': Get http://10.100.8.103:29550/info: EOF
    2017/08/29 13:17:43 [INFO] agent: Synced check 'd31175dc8435d046dbe16dfafb117914a9ab0a42'
    2017/08/29 13:17:45 [INFO] agent: Synced check '37e957e592995776a19c9a4ff6a293af3f92d07c'
    2017/08/29 13:18:40 [INFO] agent: Synced check '1cd33e4eeebcb8286d83a93fdc2d4b071a572183'
    2017/08/29 13:18:40 [INFO] agent: Synced check '7deb911342190a84af99c63552bdfb202fe6fadb'
    2017/08/29 13:18:40 [INFO] agent: Synced check '289cc7e1737904489a71a4705d50e2dea3a55881'
    2017/08/29 13:18:40 [INFO] agent: Synced check '37e957e592995776a19c9a4ff6a293af3f92d07c'
    2017/08/29 13:18:40 [INFO] agent: Synced check 'd31175dc8435d046dbe16dfafb117914a9ab0a42'
    2017/08/29 13:18:40 [INFO] agent: Synced check '2ec4946c94a5127113067f4cde72dab778ef383a'
    2017/08/29 13:19:48 [INFO] agent: Synced check '1cd33e4eeebcb8286d83a93fdc2d4b071a572183'
    2017/08/29 13:19:48 [INFO] agent: Synced check '7deb911342190a84af99c63552bdfb202fe6fadb'
    2017/08/29 13:19:48 [INFO] agent: Synced check '289cc7e1737904489a71a4705d50e2dea3a55881'
    2017/08/29 13:19:48 [INFO] agent: Synced check '37e957e592995776a19c9a4ff6a293af3f92d07c'
    2017/08/29 13:19:48 [INFO] agent: Synced check 'd31175dc8435d046dbe16dfafb117914a9ab0a42'
    2017/08/29 13:19:48 [INFO] agent: Synced check '2ec4946c94a5127113067f4cde72dab778ef383a'
    2017/08/29 13:20:59 [INFO] agent: Synced check '2ec4946c94a5127113067f4cde72dab778ef383a'
    2017/08/29 13:20:59 [INFO] agent: Synced check '1cd33e4eeebcb8286d83a93fdc2d4b071a572183'
    2017/08/29 13:20:59 [INFO] agent: Synced check '7deb911342190a84af99c63552bdfb202fe6fadb'
    2017/08/29 13:20:59 [INFO] agent: Synced check '289cc7e1737904489a71a4705d50e2dea3a55881'
    2017/08/29 13:20:59 [INFO] agent: Synced check '37e957e592995776a19c9a4ff6a293af3f92d07c'
    2017/08/29 13:20:59 [INFO] agent: Synced check 'd31175dc8435d046dbe16dfafb117914a9ab0a42'
    2017/08/29 13:21:54 [WARN] dns: QName invalid: jdk8-application-john.services.dc1.
    2017/08/29 13:22:12 [INFO] agent: Synced check '2ec4946c94a5127113067f4cde72dab778ef383a'
    2017/08/29 13:22:12 [INFO] agent: Synced check '1cd33e4eeebcb8286d83a93fdc2d4b071a572183'
    2017/08/29 13:22:12 [INFO] agent: Synced check '7deb911342190a84af99c63552bdfb202fe6fadb'
    2017/08/29 13:22:12 [INFO] agent: Synced check '289cc7e1737904489a71a4705d50e2dea3a55881'
    2017/08/29 13:22:12 [INFO] agent: Synced check '37e957e592995776a19c9a4ff6a293af3f92d07c'
    2017/08/29 13:22:12 [INFO] agent: Synced check 'd31175dc8435d046dbe16dfafb117914a9ab0a42'
    2017/08/29 13:24:05 [INFO] agent: Synced check '2ec4946c94a5127113067f4cde72dab778ef383a'
    2017/08/29 13:24:05 [INFO] agent: Synced check '1cd33e4eeebcb8286d83a93fdc2d4b071a572183'
    2017/08/29 13:24:05 [INFO] agent: Synced check '7deb911342190a84af99c63552bdfb202fe6fadb'
    2017/08/29 13:24:05 [INFO] agent: Synced check '289cc7e1737904489a71a4705d50e2dea3a55881'
    2017/08/29 13:24:05 [INFO] agent: Synced check '37e957e592995776a19c9a4ff6a293af3f92d07c'
    2017/08/29 13:24:05 [INFO] agent: Synced check 'd31175dc8435d046dbe16dfafb117914a9ab0a42'
